This is pdfTeX, Version 3.1415926-2.5-1.40.14 (MiKTeX 2.9) (preloaded format=pdflatex 2014.2.10)  4 MAR 2014 12:08
entering extended mode
**C:/Users/kvonehr/Documents/Tex*Reports/Resonant*Frequency*Optimization*Lab.te
x

("C:/Users/kvonehr/Documents/Tex Reports/Resonant Frequency Optimization Lab.te
x"
LaTeX2e <2011/06/27>
Babel <v3.8m> and hyphenation patterns for english, afrikaans, ancientgreek, ar
abic, armenian, assamese, basque, bengali, bokmal, bulgarian, catalan, coptic, 
croatian, czech, danish, dutch, esperanto, estonian, farsi, finnish, french, ga
lician, german, german-x-2013-05-26, greek, gujarati, hindi, hungarian, iceland
ic, indonesian, interlingua, irish, italian, kannada, kurmanji, latin, latvian,
 lithuanian, malayalam, marathi, mongolian, mongolianlmc, monogreek, ngerman, n
german-x-2013-05-26, nynorsk, oriya, panjabi, pinyin, polish, portuguese, roman
ian, russian, sanskrit, serbian, slovak, slovenian, spanish, swedish, swissgerm
an, tamil, telugu, turkish, turkmen, ukenglish, ukrainian, uppersorbian, usengl
ishmax, welsh, loaded.
(C:\Users\kvonehr\AppData\Roaming\MiKTeX\2.9\tex\latex\revtex4\revtex4.cls
Document Class: revtex4 2001/08/03 v4.0 (http://publish.aps.org/revtex4/ for do
cumentation)
 Copyright (c) 2001 The American Physical Society.
 mailto:revtex@aps.org
 Licensed under the LPPL:
http://www.ctan.org/tex-archive/macros/latex/base/lppl.txt
 Arthur Ogawa <ogawa@teleport.com>
 Based on work by David Carlisle <david@dcarlisle.demon.co.uk>.
ltxutil: portions licensed from W. E. Baxter (web@superscript.com)
Class revtex4 Info: Repairing broken LateX \@sect on input line 596.
\intertabularlinepenalty=\count79
\@tbpen=\count80
\@arstrutbox@hline=\box26
Class revtex4 Info: Repairing broken LaTeX \@xbitor on input line 1610.
ltxgrid: portions licensed from W. E. Baxter (web@superscript.com)
\c@linecount=\count81
\output=\toks14
\@protection@box=\box27
\@topmark@saved=\toks15
\footins@saved=\box28
\pagesofar=\box29
\footbox=\box30
\pagegrid@col=\count82
Class revtex4 Info: Incorporating package {textcase}  [1998/11/12 v0.06 Text on
ly upper/lower case changing (DPC)]. on input line 3682.
(C:\Users\kvonehr\AppData\Roaming\MiKTeX\2.9\tex\latex\url\url.sty
\Urlmuskip=\muskip10
Package: url 2013/09/16  ver 3.4  Verb mode for urls, etc.
)
\c@affil=\count83
\absbox=\box31
\c@part=\count84
\c@section=\count85
\c@subsection=\count86
\c@subsubsection=\count87
\c@paragraph=\count88
\c@subparagraph=\count89
\abovecaptionskip=\skip41
\belowcaptionskip=\skip42
\c@figure=\count90
\c@table=\count91

(C:\Users\kvonehr\AppData\Roaming\MiKTeX\2.9\tex\latex\natbib\natbib.sty
Package: natbib 2010/09/13 8.31b (PWD, AO)
\bibhang=\skip43
\bibsep=\skip44
LaTeX Info: Redefining \cite on input line 694.
\c@NAT@ctr=\count92
)
\widetext@top=\box32
\widetext@bot=\box33

(C:\Users\kvonehr\AppData\Roaming\MiKTeX\2.9\tex\latex\revtex4\revsymb.sty
Package: revsymb 2001/08/03 v4.0 (http://publish.aps.org/revtex4/ for documenta
tion)
LaTeX Info: Redefining \REV@mathfrak on input line 118.
))
(C:\Users\kvonehr\AppData\Roaming\MiKTeX\2.9\tex\latex\revtex4\aps.rtx
File: aps.rtx 2001/08/03 v4.0 (http://publish.aps.org/revtex4/ for documentatio
n)
)
(C:\Users\kvonehr\AppData\Roaming\MiKTeX\2.9\tex\latex\revtex4\10pt.rtx
File: 10pt.rtx 2001/08/03 v4.0 (http://publish.aps.org/revtex4/ for documentati
on)
)
("C:\Program Files (x86)\MiKTeX 2.9\tex\latex\graphics\graphicx.sty"
Package: graphicx 1999/02/16 v1.0f Enhanced LaTeX Graphics (DPC,SPQR)

("C:\Program Files (x86)\MiKTeX 2.9\tex\latex\graphics\keyval.sty"
Package: keyval 1999/03/16 v1.13 key=value parser (DPC)
\KV@toks@=\toks16
)
("C:\Program Files (x86)\MiKTeX 2.9\tex\latex\graphics\graphics.sty"
Package: graphics 2009/02/05 v1.0o Standard LaTeX Graphics (DPC,SPQR)

("C:\Program Files (x86)\MiKTeX 2.9\tex\latex\graphics\trig.sty"
Package: trig 1999/03/16 v1.09 sin cos tan (DPC)
)
("C:\Program Files (x86)\MiKTeX 2.9\tex\latex\00miktex\graphics.cfg"
File: graphics.cfg 2007/01/18 v1.5 graphics configuration of teTeX/TeXLive
)
Package graphics Info: Driver file: pdftex.def on input line 91.

("C:\Program Files (x86)\MiKTeX 2.9\tex\latex\pdftex-def\pdftex.def"
File: pdftex.def 2011/05/27 v0.06d Graphics/color for pdfTeX

("C:\Program Files (x86)\MiKTeX 2.9\tex\generic\oberdiek\infwarerr.sty"
Package: infwarerr 2010/04/08 v1.3 Providing info/warning/error messages (HO)
)
("C:\Program Files (x86)\MiKTeX 2.9\tex\generic\oberdiek\ltxcmds.sty"
Package: ltxcmds 2011/11/09 v1.22 LaTeX kernel commands for general use (HO)
)
\Gread@gobject=\count93
))
\Gin@req@height=\dimen102
\Gin@req@width=\dimen103
)
("C:\Users\kvonehr\Documents\Tex Reports\Resonant Frequency Optimization Lab.au
x")
LaTeX Font Info:    Checking defaults for OML/cmm/m/it on input line 18.
LaTeX Font Info:    ... okay on input line 18.
LaTeX Font Info:    Checking defaults for T1/cmr/m/n on input line 18.
LaTeX Font Info:    ... okay on input line 18.
LaTeX Font Info:    Checking defaults for OT1/cmr/m/n on input line 18.
LaTeX Font Info:    ... okay on input line 18.
LaTeX Font Info:    Checking defaults for OMS/cmsy/m/n on input line 18.
LaTeX Font Info:    ... okay on input line 18.
LaTeX Font Info:    Checking defaults for OMX/cmex/m/n on input line 18.
LaTeX Font Info:    ... okay on input line 18.
LaTeX Font Info:    Checking defaults for U/cmr/m/n on input line 18.
LaTeX Font Info:    ... okay on input line 18.
Class revtex4 Info: Patching LaTeX tabular. on input line 18.
Class revtex4 Info: cite was not loaded (OK!) on input line 18.
Class revtex4 Info: multicol was not loaded (OK!) on input line 18.
 (C:\Users\kvonehr\AppData\Roaming\MiKTeX\2.9\tex\context\base\supp-pdf.mkii
[Loading MPS to PDF converter (version 2006.09.02).]
\scratchcounter=\count94
\scratchdimen=\dimen104
\scratchbox=\box34
\nofMPsegments=\count95
\nofMParguments=\count96
\everyMPshowfont=\toks17
\MPscratchCnt=\count97
\MPscratchDim=\dimen105
\MPnumerator=\count98
\makeMPintoPDFobject=\count99
\everyMPtoPDFconversion=\toks18
)
LaTeX Font Info:    External font `cmex10' loaded for size
(Font)              <7> on input line 36.
LaTeX Font Info:    External font `cmex10' loaded for size
(Font)              <5> on input line 36.


LaTeX Warning: File `Bimorph Cantilever.jpg' not found on input line 46.

<Bimorph Cantilever.jpg, id=1, 260.47313pt x 479.54156pt>
File: Bimorph Cantilever.jpg Graphic file (type jpg)

<use Bimorph Cantilever.jpg>
Package pdftex.def Info: Bimorph Cantilever.jpg used on input line 46.
(pdftex.def)             Requested size: 156.28508pt x 287.72716pt.


LaTeX Warning: `h' float specifier changed to `ht'.


Package natbib Warning: Citation `EssickLecture' on page 1 undefined on input l
ine 57.


LaTeX Warning: Reference `fig:circuit' on page 1 undefined on input line 76.

[1{C:/Users/kvonehr/AppData/Local/MiKTeX/2.9/pdftex/config/pdftex.map} <C:/User
s/kvonehr/Documents/Tex Reports/Bimorph Cantilever.jpg>]
LaTeX Font Info:    External font `cmex10' loaded for size
(Font)              <9> on input line 102.
LaTeX Font Info:    External font `cmex10' loaded for size
(Font)              <6> on input line 102.


LaTeX Warning: Reference `fig:betavsR' on page 2 undefined on input line 129.


("C:\Users\kvonehr\Documents\Tex Reports\Resonant Frequency Optimization Lab.bb
l")

Package natbib Warning: There were undefined citations.

[2]
("C:\Users\kvonehr\Documents\Tex Reports\Resonant Frequency Optimization Lab.au
x")

LaTeX Warning: There were undefined references.

 ) 
Here is how much of TeX's memory you used:
 2720 strings out of 493921
 35417 string characters out of 3144870
 118432 words of memory out of 3000000
 6034 multiletter control sequences out of 15000+200000
 7542 words of font info for 27 fonts, out of 3000000 for 9000
 841 hyphenation exceptions out of 8191
 33i,9n,27p,1331b,278s stack positions out of 5000i,500n,10000p,200000b,50000s
<C:/Program Files (x86)/MiKTeX 2.9/fonts/type1/public/amsfonts/cm/cmbx10.pfb>
<C:/Program Files (x86)/MiKTeX 2.9/fonts/type1/public/amsfonts/cm/cmbx12.pfb><C
:/Program Files (x86)/MiKTeX 2.9/fonts/type1/public/amsfonts/cm/cmbx9.pfb><C:/P
rogram Files (x86)/MiKTeX 2.9/fonts/type1/public/amsfonts/cm/cmmi10.pfb><C:/Pro
gram Files (x86)/MiKTeX 2.9/fonts/type1/public/amsfonts/cm/cmmi6.pfb><C:/Progra
m Files (x86)/MiKTeX 2.9/fonts/type1/public/amsfonts/cm/cmmi7.pfb><C:/Program F
iles (x86)/MiKTeX 2.9/fonts/type1/public/amsfonts/cm/cmmi9.pfb><C:/Program File
s (x86)/MiKTeX 2.9/fonts/type1/public/amsfonts/cm/cmr10.pfb><C:/Program Files (
x86)/MiKTeX 2.9/fonts/type1/public/amsfonts/cm/cmr9.pfb><C:/Program Files (x86)
/MiKTeX 2.9/fonts/type1/public/amsfonts/cm/cmsy10.pfb><C:/Program Files (x86)/M
iKTeX 2.9/fonts/type1/public/amsfonts/cm/cmsy6.pfb><C:/Program Files (x86)/MiKT
eX 2.9/fonts/type1/public/amsfonts/cm/cmsy7.pfb><C:/Program Files (x86)/MiKTeX 
2.9/fonts/type1/public/amsfonts/cm/cmti10.pfb><C:/Program Files (x86)/MiKTeX 2.
9/fonts/type1/public/amsfonts/cm/cmti9.pfb><C:/Program Files (x86)/MiKTeX 2.9/f
onts/type1/public/amsfonts/cm/cmtt9.pfb>
Output written on "Resonant Frequency Optimization Lab.pdf" (2 pages, 202045 by
tes).
PDF statistics:
 70 PDF objects out of 1000 (max. 8388607)
 0 named destinations out of 1000 (max. 500000)
 6 words of extra memory for PDF output out of 10000 (max. 10000000)

